# JRE version: OpenJDK Runtime Environment (8.0_242-b01) (build 1.8.0_242-release-1644-b01)
# Java VM: OpenJDK 64-Bit Server VM (25.242-b01 mixed mode windows-amd64 compressed oops)
Heap:
 PSYoungGen      total 546304K, used 410222K [0x00000000d5580000, 0x00000000f9100000, 0x0000000100000000)
  eden space 519680K, 77% used [0x00000000d5580000,0x00000000ee05d7d0,0x00000000f5100000)
  from space 26624K, 22% used [0x00000000f7700000,0x00000000f7cbe0c0,0x00000000f9100000)
  to   space 32768K, 0% used [0x00000000f5100000,0x00000000f5100000,0x00000000f7100000)
 ParOldGen       total 141824K, used 94445K [0x0000000080000000, 0x0000000088a80000, 0x00000000d5580000)
  object space 141824K, 66% used [0x0000000080000000,0x0000000085c3b5f0,0x0000000088a80000)
 Metaspace       used 105477K, capacity 110650K, committed 111256K, reserved 1146880K
  class space    used 13665K, capacity 14632K, committed 14760K, reserved 1048576K
GC Heap History (10 events):
Event: 2902.979 GC heap before
{Heap before GC invocations=26 (full 4):
 PSYoungGen      total 287232K, used 284907K [0x00000000d5580000, 0x00000000edb80000, 0x0000000100000000)
  eden space 257536K, 100% used [0x00000000d5580000,0x00000000e5100000,0x00000000e5100000)
  from space 29696K, 92% used [0x00000000e5100000,0x00000000e6bbaef8,0x00000000e6e00000)
  to   space 33280K, 0% used [0x00000000ebb00000,0x00000000ebb00000,0x00000000edb80000)
 ParOldGen       total 141824K, used 50242K [0x0000000080000000, 0x0000000088a80000, 0x00000000d5580000)
  object space 141824K, 35% used [0x0000000080000000,0x00000000831109e8,0x0000000088a80000)
 Metaspace       used 99234K, capacity 103714K, committed 105240K, reserved 1140736K
  class space    used 12979K, capacity 13854K, committed 14120K, reserved 1048576K
Event: 2903.002 GC heap after
Heap after GC invocations=26 (full 4):
 PSYoungGen      total 363520K, used 25431K [0x00000000d5580000, 0x00000000ee100000, 0x0000000100000000)
  eden space 330240K, 0% used [0x00000000d5580000,0x00000000d5580000,0x00000000e9800000)
  from space 33280K, 76% used [0x00000000ebb00000,0x00000000ed3d5fa8,0x00000000edb80000)
  to   space 35840K, 0% used [0x00000000e9800000,0x00000000e9800000,0x00000000ebb00000)
 ParOldGen       total 141824K, used 50250K [0x0000000080000000, 0x0000000088a80000, 0x00000000d5580000)
  object space 141824K, 35% used [0x0000000080000000,0x00000000831129e8,0x0000000088a80000)
 Metaspace       used 99234K, capacity 103714K, committed 105240K, reserved 1140736K
  class space    used 12979K, capacity 13854K, committed 14120K, reserved 1048576K
}
Event: 2903.464 GC heap before
{Heap before GC invocations=27 (full 4):
 PSYoungGen      total 363520K, used 355671K [0x00000000d5580000, 0x00000000ee100000, 0x0000000100000000)
  eden space 330240K, 100% used [0x00000000d5580000,0x00000000e9800000,0x00000000e9800000)
  from space 33280K, 76% used [0x00000000ebb00000,0x00000000ed3d5fa8,0x00000000edb80000)
  to   space 35840K, 0% used [0x00000000e9800000,0x00000000e9800000,0x00000000ebb00000)
 ParOldGen       total 141824K, used 50250K [0x0000000080000000, 0x0000000088a80000, 0x00000000d5580000)
  object space 141824K, 35% used [0x0000000080000000,0x00000000831129e8,0x0000000088a80000)
 Metaspace       used 100528K, capacity 105310K, committed 106392K, reserved 1140736K
  class space    used 13160K, capacity 14068K, committed 14248K, reserved 1048576K
Event: 2903.497 GC heap after
Heap after GC invocations=27 (full 4):
 PSYoungGen      total 366080K, used 18351K [0x00000000d5580000, 0x00000000f3f00000, 0x0000000100000000)
  eden space 330240K, 0% used [0x00000000d5580000,0x00000000d5580000,0x00000000e9800000)
  from space 35840K, 51% used [0x00000000e9800000,0x00000000ea9ebdd8,0x00000000ebb00000)
  to   space 34816K, 0% used [0x00000000f1d00000,0x00000000f1d00000,0x00000000f3f00000)
 ParOldGen       total 141824K, used 65608K [0x0000000080000000, 0x0000000088a80000, 0x00000000d5580000)
  object space 141824K, 46% used [0x0000000080000000,0x0000000084012100,0x0000000088a80000)
 Metaspace       used 100528K, capacity 105310K, committed 106392K, reserved 1140736K
  class space    used 13160K, capacity 14068K, committed 14248K, reserved 1048576K
}
Event: 2904.026 GC heap before
{Heap before GC invocations=28 (full 4):
 PSYoungGen      total 366080K, used 348591K [0x00000000d5580000, 0x00000000f3f00000, 0x0000000100000000)
  eden space 330240K, 100% used [0x00000000d5580000,0x00000000e9800000,0x00000000e9800000)
  from space 35840K, 51% used [0x00000000e9800000,0x00000000ea9ebdd8,0x00000000ebb00000)
  to   space 34816K, 0% used [0x00000000f1d00000,0x00000000f1d00000,0x00000000f3f00000)
 ParOldGen       total 141824K, used 65608K [0x0000000080000000, 0x0000000088a80000, 0x00000000d5580000)
  object space 141824K, 46% used [0x0000000080000000,0x0000000084012100,0x0000000088a80000)
 Metaspace       used 100733K, capacity 105530K, committed 106648K, reserved 1142784K
  class space    used 13172K, capacity 14070K, committed 14248K, reserved 1048576K
Event: 2904.045 GC heap after
Heap after GC invocations=28 (full 4):
 PSYoungGen      total 464384K, used 5364K [0x00000000d5580000, 0x00000000f3e00000, 0x0000000100000000)
  eden space 430592K, 0% used [0x00000000d5580000,0x00000000d5580000,0x00000000efa00000)
  from space 33792K, 15% used [0x00000000f1d00000,0x00000000f223d1f8,0x00000000f3e00000)
  to   space 34816K, 0% used [0x00000000efa00000,0x00000000efa00000,0x00000000f1c00000)
 ParOldGen       total 141824K, used 82393K [0x0000000080000000, 0x0000000088a80000, 0x00000000d5580000)
  object space 141824K, 58% used [0x0000000080000000,0x0000000085076500,0x0000000088a80000)
 Metaspace       used 100733K, capacity 105530K, committed 106648K, reserved 1142784K
  class space    used 13172K, capacity 14070K, committed 14248K, reserved 1048576K
}
Event: 2904.703 GC heap before
{Heap before GC invocations=29 (full 4):
 PSYoungGen      total 464384K, used 435956K [0x00000000d5580000, 0x00000000f3e00000, 0x0000000100000000)
  eden space 430592K, 100% used [0x00000000d5580000,0x00000000efa00000,0x00000000efa00000)
  from space 33792K, 15% used [0x00000000f1d00000,0x00000000f223d1f8,0x00000000f3e00000)
  to   space 34816K, 0% used [0x00000000efa00000,0x00000000efa00000,0x00000000f1c00000)
 ParOldGen       total 141824K, used 82393K [0x0000000080000000, 0x0000000088a80000, 0x00000000d5580000)
  object space 141824K, 58% used [0x0000000080000000,0x0000000085076500,0x0000000088a80000)
 Metaspace       used 101701K, capacity 106600K, committed 107544K, reserved 1142784K
  class space    used 13302K, capacity 14209K, committed 14376K, reserved 1048576K
Event: 2904.717 GC heap after
Heap after GC invocations=29 (full 4):
 PSYoungGen      total 465408K, used 10020K [0x00000000d5580000, 0x00000000f9780000, 0x0000000100000000)
  eden space 430592K, 0% used [0x00000000d5580000,0x00000000d5580000,0x00000000efa00000)
  from space 34816K, 28% used [0x00000000efa00000,0x00000000f03c9230,0x00000000f1c00000)
  to   space 33280K, 0% used [0x00000000f7700000,0x00000000f7700000,0x00000000f9780000)
 ParOldGen       total 141824K, used 86091K [0x0000000080000000, 0x0000000088a80000, 0x00000000d5580000)
  object space 141824K, 60% used [0x0000000080000000,0x0000000085412d30,0x0000000088a80000)
 Metaspace       used 101701K, capacity 106600K, committed 107544K, reserved 1142784K
  class space    used 13302K, capacity 14209K, committed 14376K, reserved 1048576K
}
Event: 2906.369 GC heap before
{Heap before GC invocations=30 (full 4):
 PSYoungGen      total 465408K, used 440612K [0x00000000d5580000, 0x00000000f9780000, 0x0000000100000000)
  eden space 430592K, 100% used [0x00000000d5580000,0x00000000efa00000,0x00000000efa00000)
  from space 34816K, 28% used [0x00000000efa00000,0x00000000f03c9230,0x00000000f1c00000)
  to   space 33280K, 0% used [0x00000000f7700000,0x00000000f7700000,0x00000000f9780000)
 ParOldGen       total 141824K, used 86091K [0x0000000080000000, 0x0000000088a80000, 0x00000000d5580000)
  object space 141824K, 60% used [0x0000000080000000,0x0000000085412d30,0x0000000088a80000)
 Metaspace       used 103726K, capacity 108750K, committed 109464K, reserved 1144832K
  class space    used 13481K, capacity 14404K, committed 14504K, reserved 1048576K
Event: 2906.383 GC heap after
Heap after GC invocations=30 (full 4):
 PSYoungGen      total 546304K, used 5880K [0x00000000d5580000, 0x00000000f9100000, 0x0000000100000000)
  eden space 519680K, 0% used [0x00000000d5580000,0x00000000d5580000,0x00000000f5100000)
  from space 26624K, 22% used [0x00000000f7700000,0x00000000f7cbe0c0,0x00000000f9100000)
  to   space 32768K, 0% used [0x00000000f5100000,0x00000000f5100000,0x00000000f7100000)
 ParOldGen       total 141824K, used 94445K [0x0000000080000000, 0x0000000088a80000, 0x00000000d5580000)
  object space 141824K, 66% used [0x0000000080000000,0x0000000085c3b5f0,0x0000000088a80000)
 Metaspace       used 103726K, capacity 108750K, committed 109464K, reserved 1144832K
  class space    used 13481K, capacity 14404K, committed 14504K, reserved 1048576K
}

